The system is: Windows - 10.0.19043 - AMD64
Compiling the C compiler identification source file "CMakeCCompilerId.c" succeeded.
Compiler:  
Build flags: 
Id flags:  

The output was:
0
Microsoft (R) Build Engine versione 16.10.2+857e5a733 per .NET Framework
Copyright (C) Microsoft Corporation. Tutti i diritti sono riservati.

Compilazione avviata 20/07/2021 12:46:03.
Progetto "C:\workspaces_ros2\ros1_bridge_ws\build\ros1_bridge\CMakeFiles\3.18.2\CompilerIdC\CompilerIdC.vcxproj" sul nodo 1 (destinazioni predefinite).
PrepareForBuild:
  Creazione directory "Debug\".
  Creazione directory "Debug\CompilerIdC.tlog\".
InitializeBuildStatus:
  Creazione di "Debug\CompilerIdC.tlog\unsuccessfulbuild". È stato specificato "AlwaysCreate".
ClCompile:
  C:\Program Files (x86)\Microsoft Visual Studio\2019\Community\VC\Tools\MSVC\14.29.30037\bin\HostX64\x64\CL.exe /c /nologo /W0 /WX- /diagnostics:column /Od /D _MBCS /Gm- /EHsc /RTC1 /MDd /GS /fp:precise /Zc:wchar_t /Zc:forScope /Zc:inline /Fo"Debug\\" /Fd"Debug\vc142.pdb" /external:env:EXTERNAL_INCLUDE /external:W0 /Gd /TC /FC /errorReport:queue CMakeCCompilerId.c
  CMakeCCompilerId.c
Link:
  C:\Program Files (x86)\Microsoft Visual Studio\2019\Community\VC\Tools\MSVC\14.29.30037\bin\HostX64\x64\link.exe /ERRORREPORT:QUEUE /OUT:".\CompilerIdC.exe" /INCREMENTAL:NO /NOLOGO kernel32.lib user32.lib gdi32.lib winspool.lib comdlg32.lib advapi32.lib shell32.lib ole32.lib oleaut32.lib uuid.lib odbc32.lib odbccp32.lib /MANIFEST /MANIFESTUAC:"level='asInvoker' uiAccess='false'" /manifest:embed /PDB:".\CompilerIdC.pdb" /SUBSYSTEM:CONSOLE /TLBID:1 /DYNAMICBASE /NXCOMPAT /IMPLIB:".\CompilerIdC.lib" /MACHINE:X64 Debug\CMakeCCompilerId.obj
  CompilerIdC.vcxproj -> C:\workspaces_ros2\ros1_bridge_ws\build\ros1_bridge\CMakeFiles\3.18.2\CompilerIdC\CompilerIdC.exe
PostBuildEvent:
  for %%i in (cl.exe) do @echo CMAKE_C_COMPILER=%%~$PATH:i
  :VCEnd
  CMAKE_C_COMPILER=C:\Program Files (x86)\Microsoft Visual Studio\2019\Community\VC\Tools\MSVC\14.29.30037\bin\Hostx64\x64\cl.exe
FinalizeBuildStatus:
  Eliminazione del file "Debug\CompilerIdC.tlog\unsuccessfulbuild" in corso.
  Aggiornamento timestamp di "Debug\CompilerIdC.tlog\CompilerIdC.lastbuildstate".
Compilazione progetto "C:\workspaces_ros2\ros1_bridge_ws\build\ros1_bridge\CMakeFiles\3.18.2\CompilerIdC\CompilerIdC.vcxproj" (destinazioni predefinite) completata.

Compilazione completata.
    Avvisi: 0
    Errori: 0

Tempo trascorso 00:00:00.56


Compilation of the C compiler identification source "CMakeCCompilerId.c" produced "CompilerIdC.exe"

Compilation of the C compiler identification source "CMakeCCompilerId.c" produced "CompilerIdC.vcxproj"

The C compiler identification is MSVC, found in "C:/workspaces_ros2/ros1_bridge_ws/build/ros1_bridge/CMakeFiles/3.18.2/CompilerIdC/CompilerIdC.exe"

Compiling the CXX compiler identification source file "CMakeCXXCompilerId.cpp" succeeded.
Compiler:  
Build flags: 
Id flags:  

The output was:
0
Microsoft (R) Build Engine versione 16.10.2+857e5a733 per .NET Framework
Copyright (C) Microsoft Corporation. Tutti i diritti sono riservati.

Compilazione avviata 20/07/2021 12:46:04.
Progetto "C:\workspaces_ros2\ros1_bridge_ws\build\ros1_bridge\CMakeFiles\3.18.2\CompilerIdCXX\CompilerIdCXX.vcxproj" sul nodo 1 (destinazioni predefinite).
PrepareForBuild:
  Creazione directory "Debug\".
  Creazione directory "Debug\CompilerIdCXX.tlog\".
InitializeBuildStatus:
  Creazione di "Debug\CompilerIdCXX.tlog\unsuccessfulbuild". È stato specificato "AlwaysCreate".
ClCompile:
  C:\Program Files (x86)\Microsoft Visual Studio\2019\Community\VC\Tools\MSVC\14.29.30037\bin\HostX64\x64\CL.exe /c /nologo /W0 /WX- /diagnostics:column /Od /D _MBCS /Gm- /EHsc /RTC1 /MDd /GS /fp:precise /Zc:wchar_t /Zc:forScope /Zc:inline /Fo"Debug\\" /Fd"Debug\vc142.pdb" /external:env:EXTERNAL_INCLUDE /external:W0 /Gd /TP /FC /errorReport:queue CMakeCXXCompilerId.cpp
  CMakeCXXCompilerId.cpp
Link:
  C:\Program Files (x86)\Microsoft Visual Studio\2019\Community\VC\Tools\MSVC\14.29.30037\bin\HostX64\x64\link.exe /ERRORREPORT:QUEUE /OUT:".\CompilerIdCXX.exe" /INCREMENTAL:NO /NOLOGO kernel32.lib user32.lib gdi32.lib winspool.lib comdlg32.lib advapi32.lib shell32.lib ole32.lib oleaut32.lib uuid.lib odbc32.lib odbccp32.lib /MANIFEST /MANIFESTUAC:"level='asInvoker' uiAccess='false'" /manifest:embed /PDB:".\CompilerIdCXX.pdb" /SUBSYSTEM:CONSOLE /TLBID:1 /DYNAMICBASE /NXCOMPAT /IMPLIB:".\CompilerIdCXX.lib" /MACHINE:X64 Debug\CMakeCXXCompilerId.obj
  CompilerIdCXX.vcxproj -> C:\workspaces_ros2\ros1_bridge_ws\build\ros1_bridge\CMakeFiles\3.18.2\CompilerIdCXX\CompilerIdCXX.exe
PostBuildEvent:
  for %%i in (cl.exe) do @echo CMAKE_CXX_COMPILER=%%~$PATH:i
  :VCEnd
  CMAKE_CXX_COMPILER=C:\Program Files (x86)\Microsoft Visual Studio\2019\Community\VC\Tools\MSVC\14.29.30037\bin\Hostx64\x64\cl.exe
FinalizeBuildStatus:
  Eliminazione del file "Debug\CompilerIdCXX.tlog\unsuccessfulbuild" in corso.
  Aggiornamento timestamp di "Debug\CompilerIdCXX.tlog\CompilerIdCXX.lastbuildstate".
Compilazione progetto "C:\workspaces_ros2\ros1_bridge_ws\build\ros1_bridge\CMakeFiles\3.18.2\CompilerIdCXX\CompilerIdCXX.vcxproj" (destinazioni predefinite) completata.

Compilazione completata.
    Avvisi: 0
    Errori: 0

Tempo trascorso 00:00:00.54


Compilation of the CXX compiler identification source "CMakeCXXCompilerId.cpp" produced "CompilerIdCXX.exe"

Compilation of the CXX compiler identification source "CMakeCXXCompilerId.cpp" produced "CompilerIdCXX.vcxproj"

The CXX compiler identification is MSVC, found in "C:/workspaces_ros2/ros1_bridge_ws/build/ros1_bridge/CMakeFiles/3.18.2/CompilerIdCXX/CompilerIdCXX.exe"

Detecting C compiler ABI info compiled with the following output:
Change Dir: C:/workspaces_ros2/ros1_bridge_ws/build/ros1_bridge/CMakeFiles/CMakeTmp

Run Build Command(s):C:/Program Files (x86)/Microsoft Visual Studio/2019/Community/MSBuild/Current/Bin/MSBuild.exe cmTC_b42cb.vcxproj /p:Configuration=Debug /p:Platform=x64 /p:VisualStudioVersion=16.0 /v:m && Microsoft (R) Build Engine versione 16.10.2+857e5a733 per .NET Framework
Copyright (C) Microsoft Corporation. Tutti i diritti sono riservati.

  Microsoft (R) C/C++ Optimizing Compiler versione 19.29.30038.1 per x64
  Copyright (C) Microsoft Corporation. Tutti i diritti  sono riservati.
  CMakeCCompilerABI.c
  cl /c /Zi /W3 /WX- /diagnostics:column /Od /Ob0 /D WIN32 /D _WINDOWS /D "CMAKE_INTDIR=\"Debug\"" /D _MBCS /Gm- /RTC1 /MDd /GS /fp:precise /Zc:wchar_t /Zc:forScope /Zc:inline /Fo"cmTC_b42cb.dir\Debug\\" /Fd"cmTC_b42cb.dir\Debug\vc142.pdb" /external:env:EXTERNAL_INCLUDE /external:W3 /Gd /TC /errorReport:queue "C:\opt\ros\noetic\x64\Lib\site-packages\cmake\data\share\cmake-3.18\Modules\CMakeCCompilerABI.c"
  cmTC_b42cb.vcxproj -> C:\workspaces_ros2\ros1_bridge_ws\build\ros1_bridge\CMakeFiles\CMakeTmp\Debug\cmTC_b42cb.exe



Detecting CXX compiler ABI info compiled with the following output:
Change Dir: C:/workspaces_ros2/ros1_bridge_ws/build/ros1_bridge/CMakeFiles/CMakeTmp

Run Build Command(s):C:/Program Files (x86)/Microsoft Visual Studio/2019/Community/MSBuild/Current/Bin/MSBuild.exe cmTC_c91ca.vcxproj /p:Configuration=Debug /p:Platform=x64 /p:VisualStudioVersion=16.0 /v:m && Microsoft (R) Build Engine versione 16.10.2+857e5a733 per .NET Framework
Copyright (C) Microsoft Corporation. Tutti i diritti sono riservati.

  Microsoft (R) C/C++ Optimizing Compiler versione 19.29.30038.1 per x64
  Copyright (C) Microsoft Corporation. Tutti i diritti  sono riservati.
  CMakeCXXCompilerABI.cpp
  cl /c /Zi /W3 /WX- /diagnostics:column /Od /Ob0 /D WIN32 /D _WINDOWS /D "CMAKE_INTDIR=\"Debug\"" /D _MBCS /Gm- /EHsc /RTC1 /MDd /GS /fp:precise /Zc:wchar_t /Zc:forScope /Zc:inline /GR /Fo"cmTC_c91ca.dir\Debug\\" /Fd"cmTC_c91ca.dir\Debug\vc142.pdb" /external:env:EXTERNAL_INCLUDE /external:W3 /Gd /TP /errorReport:queue "C:\opt\ros\noetic\x64\Lib\site-packages\cmake\data\share\cmake-3.18\Modules\CMakeCXXCompilerABI.cpp"
  cmTC_c91ca.vcxproj -> C:\workspaces_ros2\ros1_bridge_ws\build\ros1_bridge\CMakeFiles\CMakeTmp\Debug\cmTC_c91ca.exe



