[1.314s] [34mcolcon[0m [1;30mDEBUG[0m [32mCommand line arguments: ['C:\\opt\\ros\\noetic\\x64\\Scripts\\colcon', 'build', '--symlink-install', '--packages-select', 'ros1_bridge', '--cmake-force-configure', '--event-handlers', 'console_direct+'][0m
[1.314s] [34mcolcon[0m [1;30mDEBUG[0m [32mParsed command line arguments: Namespace(ament_cmake_args=None, base_paths=['.'], build_base='build', catkin_cmake_args=None, catkin_skip_building_tests=False, cmake_args=None, cmake_clean_cache=False, cmake_clean_first=False, cmake_force_configure=True, cmake_target=None, cmake_target_skip_unavailable=False, continue_on_error=False, event_handlers=['console_direct+'], executor='parallel', ignore_user_meta=False, install_base='install', log_base=None, log_level=None, main=<bound method BuildVerb.main of <colcon_core.verb.build.BuildVerb object at 0x000002A10A1E2B50>>, merge_install=False, metas=['./colcon.meta'], packages_above=None, packages_above_and_dependencies=None, packages_above_depth=None, packages_end=None, packages_ignore=None, packages_ignore_regex=None, packages_select=['ros1_bridge'], packages_select_build_failed=False, packages_select_by_dep=None, packages_select_regex=None, packages_select_test_failures=False, packages_skip=None, packages_skip_build_finished=False, packages_skip_by_dep=None, packages_skip_regex=None, packages_skip_test_passed=False, packages_skip_up_to=None, packages_start=None, packages_up_to=None, packages_up_to_regex=None, parallel_workers=12, paths=None, symlink_install=True, test_result_base=None, verb_extension=<colcon_core.verb.build.BuildVerb object at 0x000002A10A1E2B50>, verb_name='build', verb_parser=<colcon_defaults.argument_parser.defaults.DefaultArgumentsDecorator object at 0x000002A10A1F5070>)[0m
[1.361s] [34mcolcon.colcon_core.package_discovery[0m [1;30mLevel 1[0m discover_packages(colcon_meta) check parameters
[1.361s] [34mcolcon.colcon_core.package_discovery[0m [1;30mLevel 1[0m discover_packages(recursive) check parameters
[1.361s] [34mcolcon.colcon_core.package_discovery[0m [1;30mLevel 1[0m discover_packages(ignore) check parameters
[1.361s] [34mcolcon.colcon_core.package_discovery[0m [1;30mLevel 1[0m discover_packages(path) check parameters
[1.361s] [34mcolcon.colcon_core.package_discovery[0m [1;30mLevel 1[0m discover_packages(colcon_meta) discover
[1.361s] [34mcolcon.colcon_core.package_discovery[0m [1;30mLevel 1[0m discover_packages(recursive) discover
[1.361s] [34mcolcon.colcon_core.package_discovery[0m [1;30mINFO[0m Crawling recursively for packages in 'C:\workspaces_ros2\ros1_bridge_ws'
[1.361s] [34mcolcon.colcon_core.package_identification[0m [1;30mLevel 1[0m _identify(.) by extensions ['ignore', 'ignore_ament_install']
[1.361s] [34mcolcon.colcon_core.package_identification[0m [1;30mLevel 1[0m _identify(.) by extension 'ignore'
[1.361s] [34mcolcon.colcon_core.package_identification[0m [1;30mLevel 1[0m _identify(.) by extension 'ignore_ament_install'
[1.361s] [34mcolcon.colcon_core.package_identification[0m [1;30mLevel 1[0m _identify(.) by extensions ['colcon_pkg']
[1.361s] [34mcolcon.colcon_core.package_identification[0m [1;30mLevel 1[0m _identify(.) by extension 'colcon_pkg'
[1.361s] [34mcolcon.colcon_core.package_identification[0m [1;30mLevel 1[0m _identify(.) by extensions ['colcon_meta']
[1.361s] [34mcolcon.colcon_core.package_identification[0m [1;30mLevel 1[0m _identify(.) by extension 'colcon_meta'
[1.361s] [34mcolcon.colcon_core.package_identification[0m [1;30mLevel 1[0m _identify(.) by extensions ['ros']
[1.361s] [34mcolcon.colcon_core.package_identification[0m [1;30mLevel 1[0m _identify(.) by extension 'ros'
[1.392s] [34mcolcon.colcon_core.package_identification[0m [1;30mLevel 1[0m _identify(.) by extensions ['cmake', 'python']
[1.392s] [34mcolcon.colcon_core.package_identification[0m [1;30mLevel 1[0m _identify(.) by extension 'cmake'
[1.392s] [34mcolcon.colcon_core.package_identification[0m [1;30mLevel 1[0m _identify(.) by extension 'python'
[1.392s] [34mcolcon.colcon_core.package_identification[0m [1;30mLevel 1[0m _identify(.) by extensions ['python_setup_py']
[1.392s] [34mcolcon.colcon_core.package_identification[0m [1;30mLevel 1[0m _identify(.) by extension 'python_setup_py'
[1.392s] [34mcolcon.colcon_core.package_identification[0m [1;30mLevel 1[0m _identify(build) by extensions ['ignore', 'ignore_ament_install']
[1.392s] [34mcolcon.colcon_core.package_identification[0m [1;30mLevel 1[0m _identify(build) by extension 'ignore'
[1.392s] [34mcolcon.colcon_core.package_identification[0m [1;30mLevel 1[0m _identify(build) ignored
[1.392s] [34mcolcon.colcon_core.package_identification[0m [1;30mLevel 1[0m _identify(install) by extensions ['ignore', 'ignore_ament_install']
[1.392s] [34mcolcon.colcon_core.package_identification[0m [1;30mLevel 1[0m _identify(install) by extension 'ignore'
[1.392s] [34mcolcon.colcon_core.package_identification[0m [1;30mLevel 1[0m _identify(install) ignored
[1.394s] [34mcolcon.colcon_core.package_identification[0m [1;30mLevel 1[0m _identify(log) by extensions ['ignore', 'ignore_ament_install']
[1.394s] [34mcolcon.colcon_core.package_identification[0m [1;30mLevel 1[0m _identify(log) by extension 'ignore'
[1.394s] [34mcolcon.colcon_core.package_identification[0m [1;30mLevel 1[0m _identify(log) ignored
[1.394s] [34mcolcon.colcon_core.package_identification[0m [1;30mLevel 1[0m _identify(src) by extensions ['ignore', 'ignore_ament_install']
[1.394s] [34mcolcon.colcon_core.package_identification[0m [1;30mLevel 1[0m _identify(src) by extension 'ignore'
[1.394s] [34mcolcon.colcon_core.package_identification[0m [1;30mLevel 1[0m _identify(src) by extension 'ignore_ament_install'
[1.394s] [34mcolcon.colcon_core.package_identification[0m [1;30mLevel 1[0m _identify(src) by extensions ['colcon_pkg']
[1.394s] [34mcolcon.colcon_core.package_identification[0m [1;30mLevel 1[0m _identify(src) by extension 'colcon_pkg'
[1.394s] [34mcolcon.colcon_core.package_identification[0m [1;30mLevel 1[0m _identify(src) by extensions ['colcon_meta']
[1.394s] [34mcolcon.colcon_core.package_identification[0m [1;30mLevel 1[0m _identify(src) by extension 'colcon_meta'
[1.394s] [34mcolcon.colcon_core.package_identification[0m [1;30mLevel 1[0m _identify(src) by extensions ['ros']
[1.394s] [34mcolcon.colcon_core.package_identification[0m [1;30mLevel 1[0m _identify(src) by extension 'ros'
[1.394s] [34mcolcon.colcon_core.package_identification[0m [1;30mLevel 1[0m _identify(src) by extensions ['cmake', 'python']
[1.394s] [34mcolcon.colcon_core.package_identification[0m [1;30mLevel 1[0m _identify(src) by extension 'cmake'
[1.394s] [34mcolcon.colcon_core.package_identification[0m [1;30mLevel 1[0m _identify(src) by extension 'python'
[1.394s] [34mcolcon.colcon_core.package_identification[0m [1;30mLevel 1[0m _identify(src) by extensions ['python_setup_py']
[1.394s] [34mcolcon.colcon_core.package_identification[0m [1;30mLevel 1[0m _identify(src) by extension 'python_setup_py'
[1.394s] [34mcolcon.colcon_core.package_identification[0m [1;30mLevel 1[0m _identify(src\ros1_bridge) by extensions ['ignore', 'ignore_ament_install']
[1.394s] [34mcolcon.colcon_core.package_identification[0m [1;30mLevel 1[0m _identify(src\ros1_bridge) by extension 'ignore'
[1.394s] [34mcolcon.colcon_core.package_identification[0m [1;30mLevel 1[0m _identify(src\ros1_bridge) by extension 'ignore_ament_install'
[1.394s] [34mcolcon.colcon_core.package_identification[0m [1;30mLevel 1[0m _identify(src\ros1_bridge) by extensions ['colcon_pkg']
[1.394s] [34mcolcon.colcon_core.package_identification[0m [1;30mLevel 1[0m _identify(src\ros1_bridge) by extension 'colcon_pkg'
[1.394s] [34mcolcon.colcon_core.package_identification[0m [1;30mLevel 1[0m _identify(src\ros1_bridge) by extensions ['colcon_meta']
[1.394s] [34mcolcon.colcon_core.package_identification[0m [1;30mLevel 1[0m _identify(src\ros1_bridge) by extension 'colcon_meta'
[1.394s] [34mcolcon.colcon_core.package_identification[0m [1;30mLevel 1[0m _identify(src\ros1_bridge) by extensions ['ros']
[1.394s] [34mcolcon.colcon_core.package_identification[0m [1;30mLevel 1[0m _identify(src\ros1_bridge) by extension 'ros'
[1.394s] [34mcolcon.colcon_core.package_identification[0m [1;30mDEBUG[0m [32mPackage 'src\ros1_bridge' with type 'ros.ament_cmake' and name 'ros1_bridge'[0m
[1.394s] [34mcolcon.colcon_core.package_discovery[0m [1;30mLevel 1[0m discover_packages(recursive) using defaults
[1.394s] [34mcolcon.colcon_core.package_discovery[0m [1;30mLevel 1[0m discover_packages(ignore) discover
[1.394s] [34mcolcon.colcon_core.package_discovery[0m [1;30mLevel 1[0m discover_packages(ignore) using defaults
[1.394s] [34mcolcon.colcon_core.package_discovery[0m [1;30mLevel 1[0m discover_packages(path) discover
[1.394s] [34mcolcon.colcon_core.package_discovery[0m [1;30mLevel 1[0m discover_packages(path) using defaults
[1.429s] [34mcolcon.colcon_core.verb[0m [1;30mLevel 5[0m set package 'ros1_bridge' build argument 'cmake_args' from command line to 'None'
[1.429s] [34mcolcon.colcon_core.verb[0m [1;30mLevel 5[0m set package 'ros1_bridge' build argument 'cmake_target' from command line to 'None'
[1.429s] [34mcolcon.colcon_core.verb[0m [1;30mLevel 5[0m set package 'ros1_bridge' build argument 'cmake_target_skip_unavailable' from command line to 'False'
[1.429s] [34mcolcon.colcon_core.verb[0m [1;30mLevel 5[0m set package 'ros1_bridge' build argument 'cmake_clean_cache' from command line to 'False'
[1.429s] [34mcolcon.colcon_core.verb[0m [1;30mLevel 5[0m set package 'ros1_bridge' build argument 'cmake_clean_first' from command line to 'False'
[1.429s] [34mcolcon.colcon_core.verb[0m [1;30mLevel 5[0m set package 'ros1_bridge' build argument 'cmake_force_configure' from command line to 'True'
[1.429s] [34mcolcon.colcon_core.verb[0m [1;30mLevel 5[0m set package 'ros1_bridge' build argument 'ament_cmake_args' from command line to 'None'
[1.429s] [34mcolcon.colcon_core.verb[0m [1;30mLevel 5[0m set package 'ros1_bridge' build argument 'catkin_cmake_args' from command line to 'None'
[1.429s] [34mcolcon.colcon_core.verb[0m [1;30mLevel 5[0m set package 'ros1_bridge' build argument 'catkin_skip_building_tests' from command line to 'False'
[1.429s] [34mcolcon.colcon_core.verb[0m [1;30mDEBUG[0m [32mBuilding package 'ros1_bridge' with the following arguments: {'ament_cmake_args': None, 'build_base': 'C:\\workspaces_ros2\\ros1_bridge_ws\\build\\ros1_bridge', 'catkin_cmake_args': None, 'catkin_skip_building_tests': False, 'cmake_args': None, 'cmake_clean_cache': False, 'cmake_clean_first': False, 'cmake_force_configure': True, 'cmake_target': None, 'cmake_target_skip_unavailable': False, 'install_base': 'C:\\workspaces_ros2\\ros1_bridge_ws\\install\\ros1_bridge', 'merge_install': False, 'path': 'C:\\workspaces_ros2\\ros1_bridge_ws\\src\\ros1_bridge', 'symlink_install': True, 'test_result_base': None}[0m
[1.429s] [34mcolcon.colcon_core.executor[0m [1;30mINFO[0m Executing jobs using 'parallel' executor
[1.460s] [34mcolcon.colcon_parallel_executor.executor.parallel[0m [1;30mDEBUG[0m [32mrun_until_complete[0m
[1.460s] [34mcolcon.colcon_ros.task.ament_cmake.build[0m [1;30mINFO[0m Building ROS package in 'C:\workspaces_ros2\ros1_bridge_ws\src\ros1_bridge' with build type 'ament_cmake'
[1.460s] [34mcolcon.colcon_cmake.task.cmake.build[0m [1;30mINFO[0m Building CMake package in 'C:\workspaces_ros2\ros1_bridge_ws\src\ros1_bridge'
[1.460s] [34mcolcon.colcon_core.plugin_system[0m [1;30mINFO[0m Skipping extension 'colcon_core.shell.sh': Not used on Windows systems
[1.460s] [34mcolcon.colcon_core.shell[0m [1;30mINFO[0m Skip shell extension 'powershell' for command environment: Not usable outside of PowerShell
[1.476s] [34mcolcon.colcon_ros.prefix_path.catkin[0m [1;30mWARNING[0m [33mThe path 'C:\opt\ros\noetic\x64\tools\vcpkg\installed\x64-windows' in the environment variable CMAKE_PREFIX_PATH doesn't exist[0m
[1.545s] [34mcolcon.colcon_core.shell[0m [1;30mDEBUG[0m [32mIgnoring prefix path 'C:\ros1ws\catkin_ws\devel'[0m
[1.576s] [34mcolcon.colcon_core.event_handler.log_command[0m [1;30mDEBUG[0m [32mInvoking command in 'C:\workspaces_ros2\ros1_bridge_ws\build\ros1_bridge': C:\opt\ros\noetic\x64\Scripts\cmake.EXE C:\workspaces_ros2\ros1_bridge_ws\src\ros1_bridge -DAMENT_CMAKE_SYMLINK_INSTALL=1 -DCMAKE_INSTALL_PREFIX=C:\workspaces_ros2\ros1_bridge_ws\install\ros1_bridge -G Visual Studio 16 2019[0m
[29.881s] [34mcolcon.colcon_core.event_handler.log_command[0m [1;30mDEBUG[0m [32mInvoked command in 'C:\workspaces_ros2\ros1_bridge_ws\build\ros1_bridge' returned '0': C:\opt\ros\noetic\x64\Scripts\cmake.EXE C:\workspaces_ros2\ros1_bridge_ws\src\ros1_bridge -DAMENT_CMAKE_SYMLINK_INSTALL=1 -DCMAKE_INSTALL_PREFIX=C:\workspaces_ros2\ros1_bridge_ws\install\ros1_bridge -G Visual Studio 16 2019[0m
[29.897s] [34mcolcon.colcon_core.event_handler.log_command[0m [1;30mDEBUG[0m [32mInvoking command in 'C:\workspaces_ros2\ros1_bridge_ws\build\ros1_bridge': CL=/MP C:\opt\ros\noetic\x64\Scripts\cmake.EXE --build C:\workspaces_ros2\ros1_bridge_ws\build\ros1_bridge --config Release[0m
[1627.370s] [34mcolcon.colcon_core.event_handler.log_command[0m [1;30mDEBUG[0m [32mInvoked command in 'C:\workspaces_ros2\ros1_bridge_ws\build\ros1_bridge' returned '1': CL=/MP C:\opt\ros\noetic\x64\Scripts\cmake.EXE --build C:\workspaces_ros2\ros1_bridge_ws\build\ros1_bridge --config Release[0m
[1627.408s] [34mcolcon.colcon_core.environment[0m [1;30mLevel 1[0m create_environment_scripts_only(ros1_bridge)
[1627.439s] [34mcolcon.colcon_core.environment[0m [1;30mLevel 1[0m checking 'C:\workspaces_ros2\ros1_bridge_ws\install\ros1_bridge' for CMake module files
[1627.439s] [34mcolcon.colcon_core.environment[0m [1;30mLevel 1[0m checking 'C:\workspaces_ros2\ros1_bridge_ws\install\ros1_bridge' for CMake config files
[1627.439s] [34mcolcon.colcon_core.environment[0m [1;30mLevel 1[0m checking 'C:\workspaces_ros2\ros1_bridge_ws\install\ros1_bridge\bin'
[1627.455s] [34mcolcon.colcon_core.environment[0m [1;30mLevel 1[0m checking 'C:\workspaces_ros2\ros1_bridge_ws\install\ros1_bridge\bin'
[1627.455s] [34mcolcon.colcon_core.environment[0m [1;30mLevel 1[0m checking 'C:\workspaces_ros2\ros1_bridge_ws\install\ros1_bridge\Scripts'
[1627.455s] [34mcolcon.colcon_core.environment[0m [1;30mLevel 1[0m checking 'C:\workspaces_ros2\ros1_bridge_ws\install\ros1_bridge\lib\pkgconfig\ros1_bridge.pc'
[1627.455s] [34mcolcon.colcon_core.environment[0m [1;30mLevel 1[0m checking 'C:\workspaces_ros2\ros1_bridge_ws\install\ros1_bridge\Lib\site-packages'
[1627.455s] [34mcolcon.colcon_core.shell[0m [1;30mINFO[0m Creating package script 'C:\workspaces_ros2\ros1_bridge_ws\install\ros1_bridge\share\ros1_bridge\package.ps1'
[1627.455s] [34mcolcon.colcon_core.shell[0m [1;30mINFO[0m Creating package script 'C:\workspaces_ros2\ros1_bridge_ws\install\ros1_bridge\share\ros1_bridge\package.bat'
[1627.471s] [34mcolcon.colcon_core.shell[0m [1;30mINFO[0m Creating package descriptor 'C:\workspaces_ros2\ros1_bridge_ws\install\ros1_bridge\share\ros1_bridge\package.dsv'
[1627.471s] [34mcolcon.colcon_core.environment[0m [1;30mLevel 1[0m create_file_with_runtime_dependencies(C:\workspaces_ros2\ros1_bridge_ws\install\ros1_bridge\share\colcon-core\packages\ros1_bridge)
[1627.493s] [34mcolcon.colcon_parallel_executor.executor.parallel[0m [1;30mDEBUG[0m [32mrun_until_complete finished with '1'[0m
[1627.493s] [34mcolcon.colcon_core.event_reactor[0m [1;30mDEBUG[0m [32mjoining thread[0m
[1627.508s] [34mcolcon.colcon_core.plugin_system[0m [1;30mINFO[0m Skipping extension 'colcon_notification.desktop_notification.notify2': 'notify2' not found
[1627.508s] [34mcolcon.colcon_core.plugin_system[0m [1;30mINFO[0m Skipping extension 'colcon_notification.desktop_notification.notify_send': Not used on non-Linux systems
[1627.508s] [34mcolcon.colcon_core.plugin_system[0m [1;30mINFO[0m Skipping extension 'colcon_notification.desktop_notification.terminal_notifier': Not used on non-Darwin systems
[1627.508s] [34mcolcon.colcon_notification.desktop_notification[0m [1;30mINFO[0m Sending desktop notification using 'win32'
[1632.625s] [34mcolcon.colcon_core.event_reactor[0m [1;30mDEBUG[0m [32mjoined thread[0m
[1632.641s] [34mcolcon.colcon_core.shell[0m [1;30mINFO[0m Creating prefix script 'C:\workspaces_ros2\ros1_bridge_ws\install\local_setup.ps1'
[1632.641s] [34mcolcon.colcon_core.shell[0m [1;30mINFO[0m Creating prefix util module 'C:\workspaces_ros2\ros1_bridge_ws\install\_local_setup_util_ps1.py'
[1632.641s] [34mcolcon.colcon_core.shell[0m [1;30mINFO[0m Creating prefix chain script 'C:\workspaces_ros2\ros1_bridge_ws\install\setup.ps1'
[1632.656s] [34mcolcon.colcon_core.shell[0m [1;30mINFO[0m Creating prefix script 'C:\workspaces_ros2\ros1_bridge_ws\install\local_setup.bat'
[1632.656s] [34mcolcon.colcon_core.shell[0m [1;30mINFO[0m Creating prefix util module 'C:\workspaces_ros2\ros1_bridge_ws\install\_local_setup_util_bat.py'
[1632.656s] [34mcolcon.colcon_core.shell[0m [1;30mINFO[0m Creating prefix chain script 'C:\workspaces_ros2\ros1_bridge_ws\install\setup.bat'
